<?xml version="1.0" encoding="UTF-8"?>
<!-- Generated by org.testng.reporters.JUnitReportReporter -->
<testsuite skipped="0" hostname="LAPTOP-MRB1VQK8" name="com.testing.class18.WebExcelDriven" tests="20" failures="0" timestamp="23 八月 2021 16:37:28 GMT" time="13.186" errors="0">
  <testcase name="webTest" time="0.121" classname="com.testing.class18.WebExcelDriven"/>
  <testcase name="webTest" time="0.079" classname="com.testing.class18.WebExcelDriven"/>
  <testcase name="webTest" time="0.123" classname="com.testing.class18.WebExcelDriven"/>
  <testcase name="webTest" time="0.123" classname="com.testing.class18.WebExcelDriven"/>
  <testcase name="webTest" time="0.833" classname="com.testing.class18.WebExcelDriven"/>
  <testcase name="webTest" time="0.158" classname="com.testing.class18.WebExcelDriven"/>
  <testcase name="webTest" time="1.001" classname="com.testing.class18.WebExcelDriven"/>
  <testcase name="webTest" time="0.211" classname="com.testing.class18.WebExcelDriven"/>
  <testcase name="webTest" time="0.139" classname="com.testing.class18.WebExcelDriven"/>
  <testcase name="webTest" time="0.155" classname="com.testing.class18.WebExcelDriven"/>
  <testcase name="webTest" time="1.016" classname="com.testing.class18.WebExcelDriven"/>
  <testcase name="webTest" time="0.143" classname="com.testing.class18.WebExcelDriven"/>
  <testcase name="webTest" time="4.430" classname="com.testing.class18.WebExcelDriven"/>
  <testcase name="webTest" time="0.496" classname="com.testing.class18.WebExcelDriven"/>
  <testcase name="webTest" time="0.260" classname="com.testing.class18.WebExcelDriven"/>
  <testcase name="webTest" time="0.403" classname="com.testing.class18.WebExcelDriven"/>
  <testcase name="webTest" time="3.069" classname="com.testing.class18.WebExcelDriven"/>
  <testcase name="webTest" time="0.141" classname="com.testing.class18.WebExcelDriven"/>
  <testcase name="webTest" time="0.154" classname="com.testing.class18.WebExcelDriven"/>
  <testcase name="webTest" time="0.131" classname="com.testing.class18.WebExcelDriven"/>
</testsuite> <!-- com.testing.class18.WebExcelDriven -->
